2023-07-07 09:38:01,063 INFO o.a.j.u.JMeterUtils: Setting Locale to en_EN
2023-07-07 09:38:01,079 INFO o.a.j.JMeter: Loading user properties from: /opt/homebrew/Cellar/jmeter/5.5/libexec/bin/user.properties
2023-07-07 09:38:01,079 INFO o.a.j.JMeter: Loading system properties from: /opt/homebrew/Cellar/jmeter/5.5/libexec/bin/system.properties
2023-07-07 09:38:01,083 INFO o.a.j.JMeter: Copyright (c) 1998-2022 The Apache Software Foundation
2023-07-07 09:38:01,083 INFO o.a.j.JMeter: Version 5.5
2023-07-07 09:38:01,083 INFO o.a.j.JMeter: java.version=17.0.7
2023-07-07 09:38:01,083 INFO o.a.j.JMeter: java.vm.name=OpenJDK 64-Bit Server VM
2023-07-07 09:38:01,083 INFO o.a.j.JMeter: os.name=Mac OS X
2023-07-07 09:38:01,083 INFO o.a.j.JMeter: os.arch=aarch64
2023-07-07 09:38:01,083 INFO o.a.j.JMeter: os.version=13.4.1
2023-07-07 09:38:01,083 INFO o.a.j.JMeter: file.encoding=UTF-8
2023-07-07 09:38:01,083 INFO o.a.j.JMeter: java.awt.headless=null
2023-07-07 09:38:01,083 INFO o.a.j.JMeter: Max memory     =1073741824
2023-07-07 09:38:01,083 INFO o.a.j.JMeter: Available Processors =8
2023-07-07 09:38:01,089 INFO o.a.j.JMeter: Default Locale=English (EN)
2023-07-07 09:38:01,089 INFO o.a.j.JMeter: JMeter  Locale=English (EN)
2023-07-07 09:38:01,089 INFO o.a.j.JMeter: JMeterHome=/opt/homebrew/Cellar/jmeter/5.5/libexec
2023-07-07 09:38:01,089 INFO o.a.j.JMeter: user.dir  =/Users/boyar/Desktop/LocationSystem
2023-07-07 09:38:01,089 INFO o.a.j.JMeter: PWD       =/Users/boyar/Desktop/LocationSystem
2023-07-07 09:38:01,090 INFO o.a.j.JMeter: IP: 127.0.0.1 Name: MacBook-Air-Vitalij.local FullName: localhost
2023-07-07 09:38:01,096 INFO o.a.j.JMeter: Loaded icon properties from org/apache/jmeter/images/icon.properties
2023-07-07 09:38:01,398 INFO o.a.j.JMeterGuiLauncher: Setting LAF to: com.github.weisj.darklaf.DarkLaf:com.github.weisj.darklaf.theme.DarculaTheme
2023-07-07 09:38:02,666 INFO o.j.r.JARSourceHTTP: Requesting https://jmeter-plugins.org/repo/?installID=mac_os_x-57f8507e11e94b1643fd606af515c812-gui
2023-07-07 09:38:05,037 INFO o.j.r.PluginManager: Plugins Status: [jpgc-plugins-manager=1.7, jmeter-core=5.5, jmeter-ftp=5.5, jmeter-http=5.5, jmeter-jdbc=5.5, jmeter-jms=5.5, jmeter-junit=5.5, jmeter-java=5.5, jmeter-ldap=5.5, jmeter-mail=5.5, jmeter-mongodb=5.5, jmeter-native=5.5, jmeter-tcp=5.5, jmeter-components=5.5]
2023-07-07 09:38:05,039 INFO o.j.r.PluginManagerMenuItem: Plugins Manager has upgrades: [jpgc-plugins-manager]
2023-07-07 09:39:12,895 INFO o.a.j.s.FileServer: Default base='/Users/boyar/Desktop/LocationSystem'
2023-07-07 09:39:12,898 INFO o.a.j.g.a.Load: Loading file: /Users/boyar/Desktop/LocationSystem/Location System Tests.jmx
2023-07-07 09:39:12,898 INFO o.a.j.s.FileServer: Set new base='/Users/boyar/Desktop/LocationSystem'
2023-07-07 09:39:13,011 INFO o.a.j.s.SaveService: Testplan (JMX) version: 2.2. Testlog (JTL) version: 2.2
2023-07-07 09:39:13,014 INFO o.a.j.s.SaveService: Using SaveService properties version 5.0
2023-07-07 09:39:13,015 INFO o.a.j.s.SaveService: Using SaveService properties file encoding UTF-8
2023-07-07 09:39:13,015 INFO o.a.j.s.SaveService: Loading file: /Users/boyar/Desktop/LocationSystem/Location System Tests.jmx
2023-07-07 09:39:13,068 INFO o.a.j.p.h.c.CookieManager: Settings: Delete null: true Check: true Allow variable: true Save: false Prefix: COOKIE_
2023-07-07 09:39:13,069 INFO o.a.j.p.h.s.HTTPSamplerBase: Parser for text/html is org.apache.jmeter.protocol.http.parser.LagartoBasedHtmlParser
2023-07-07 09:39:13,069 INFO o.a.j.p.h.s.HTTPSamplerBase: Parser for application/xhtml+xml is org.apache.jmeter.protocol.http.parser.LagartoBasedHtmlParser
2023-07-07 09:39:13,069 INFO o.a.j.p.h.s.HTTPSamplerBase: Parser for application/xml is org.apache.jmeter.protocol.http.parser.LagartoBasedHtmlParser
2023-07-07 09:39:13,069 INFO o.a.j.p.h.s.HTTPSamplerBase: Parser for text/xml is org.apache.jmeter.protocol.http.parser.LagartoBasedHtmlParser
2023-07-07 09:39:13,069 INFO o.a.j.p.h.s.HTTPSamplerBase: Parser for text/vnd.wap.wml is org.apache.jmeter.protocol.http.parser.RegexpHTMLParser
2023-07-07 09:39:13,069 INFO o.a.j.p.h.s.HTTPSamplerBase: Parser for text/css is org.apache.jmeter.protocol.http.parser.CssParser
2023-07-07 09:39:13,170 INFO o.a.j.s.SampleResult: Note: Sample TimeStamps are START times
2023-07-07 09:39:13,171 INFO o.a.j.s.SampleResult: sampleresult.default.encoding is set to ISO-8859-1
2023-07-07 09:39:13,171 INFO o.a.j.s.SampleResult: sampleresult.useNanoTime=true
2023-07-07 09:39:13,171 INFO o.a.j.s.SampleResult: sampleresult.nanoThreadSleep=5000
2023-07-07 09:39:13,237 INFO o.a.j.v.ViewResultsFullVisualizer: Add JavaFX to your Java installation if you want to use renderer: org.apache.jmeter.visualizers.RenderInBrowser
2023-07-07 09:39:13,267 INFO o.a.j.s.FileServer: Set new base='/Users/boyar/Desktop/LocationSystem'
2023-07-07 09:43:41,887 INFO o.a.j.e.StandardJMeterEngine: Running the test!
2023-07-07 09:43:41,887 INFO o.a.j.s.SampleEvent: List of sample_variables: []
2023-07-07 09:43:41,887 INFO o.a.j.s.SampleEvent: List of sample_variables: []
2023-07-07 09:43:41,888 INFO o.a.j.e.u.CompoundVariable: Note: Function class names must contain the string: '.functions.'
2023-07-07 09:43:41,888 INFO o.a.j.e.u.CompoundVariable: Note: Function class names must not contain the string: '.gui.'
2023-07-07 09:43:41,908 INFO o.a.j.g.u.JMeterMenuBar: setRunning(true, *local*)
2023-07-07 09:43:41,941 INFO o.a.j.e.StandardJMeterEngine: Starting ThreadGroup: 1 : Thread Group
2023-07-07 09:43:41,941 INFO o.a.j.e.StandardJMeterEngine: Starting 1 threads for group Thread Group.
2023-07-07 09:43:41,941 INFO o.a.j.e.StandardJMeterEngine: Thread will continue on error
2023-07-07 09:43:41,941 INFO o.a.j.t.ThreadGroup: Starting thread group... number=1 threads=1 ramp-up=1 delayedStart=false
2023-07-07 09:43:41,942 INFO o.a.j.t.ThreadGroup: Started thread group number 1
2023-07-07 09:43:41,943 INFO o.a.j.e.StandardJMeterEngine: All thread groups have been started
2023-07-07 09:43:41,943 INFO o.a.j.t.JMeterThread: Thread started: Thread Group 1-1
2023-07-07 09:43:41,946 INFO o.a.j.p.h.s.HTTPHCAbstractImpl: Local host = MacBook-Air-Vitalij.local
2023-07-07 09:43:41,950 INFO o.a.j.p.h.s.HTTPHC4Impl: HTTP request retry count = 0
2023-07-07 09:43:41,970 INFO o.a.j.t.JMeterThread: Thread is done: Thread Group 1-1
2023-07-07 09:43:41,970 INFO o.a.j.t.JMeterThread: Thread finished: Thread Group 1-1
2023-07-07 09:43:41,971 INFO o.a.j.e.StandardJMeterEngine: Notifying test listeners of end of test
2023-07-07 09:43:41,971 INFO o.a.j.g.u.JMeterMenuBar: setRunning(false, *local*)
2023-07-07 09:44:02,410 INFO o.a.j.e.StandardJMeterEngine: Running the test!
2023-07-07 09:44:02,411 INFO o.a.j.s.SampleEvent: List of sample_variables: []
2023-07-07 09:44:02,412 INFO o.a.j.g.u.JMeterMenuBar: setRunning(true, *local*)
2023-07-07 09:44:02,443 INFO o.a.j.e.StandardJMeterEngine: Starting ThreadGroup: 1 : Thread Group
2023-07-07 09:44:02,443 INFO o.a.j.e.StandardJMeterEngine: Starting 1 threads for group Thread Group.
2023-07-07 09:44:02,443 INFO o.a.j.e.StandardJMeterEngine: Thread will continue on error
2023-07-07 09:44:02,443 INFO o.a.j.t.ThreadGroup: Starting thread group... number=1 threads=1 ramp-up=1 delayedStart=false
2023-07-07 09:44:02,444 INFO o.a.j.t.ThreadGroup: Started thread group number 1
2023-07-07 09:44:02,444 INFO o.a.j.e.StandardJMeterEngine: All thread groups have been started
2023-07-07 09:44:02,444 INFO o.a.j.t.JMeterThread: Thread started: Thread Group 1-1
2023-07-07 09:44:02,451 INFO o.a.j.t.JMeterThread: Thread is done: Thread Group 1-1
2023-07-07 09:44:02,452 INFO o.a.j.t.JMeterThread: Thread finished: Thread Group 1-1
2023-07-07 09:44:02,452 INFO o.a.j.e.StandardJMeterEngine: Notifying test listeners of end of test
2023-07-07 09:44:02,452 INFO o.a.j.g.u.JMeterMenuBar: setRunning(false, *local*)
2023-07-07 09:44:55,553 INFO o.a.j.e.StandardJMeterEngine: Running the test!
2023-07-07 09:44:55,554 INFO o.a.j.s.SampleEvent: List of sample_variables: []
2023-07-07 09:44:55,555 INFO o.a.j.g.u.JMeterMenuBar: setRunning(true, *local*)
2023-07-07 09:44:55,589 INFO o.a.j.e.StandardJMeterEngine: Starting ThreadGroup: 1 : Thread Group
2023-07-07 09:44:55,589 INFO o.a.j.e.StandardJMeterEngine: Starting 1 threads for group Thread Group.
2023-07-07 09:44:55,590 INFO o.a.j.e.StandardJMeterEngine: Thread will continue on error
2023-07-07 09:44:55,590 INFO o.a.j.t.ThreadGroup: Starting thread group... number=1 threads=1 ramp-up=1 delayedStart=false
2023-07-07 09:44:55,590 INFO o.a.j.t.ThreadGroup: Started thread group number 1
2023-07-07 09:44:55,590 INFO o.a.j.e.StandardJMeterEngine: All thread groups have been started
2023-07-07 09:44:55,591 INFO o.a.j.t.JMeterThread: Thread started: Thread Group 1-1
2023-07-07 09:44:55,598 INFO o.a.j.t.JMeterThread: Thread is done: Thread Group 1-1
2023-07-07 09:44:55,598 INFO o.a.j.t.JMeterThread: Thread finished: Thread Group 1-1
2023-07-07 09:44:55,599 INFO o.a.j.e.StandardJMeterEngine: Notifying test listeners of end of test
2023-07-07 09:44:55,599 INFO o.a.j.g.u.JMeterMenuBar: setRunning(false, *local*)
2023-07-07 09:45:46,004 INFO o.a.j.e.StandardJMeterEngine: Running the test!
2023-07-07 09:45:46,005 INFO o.a.j.s.SampleEvent: List of sample_variables: []
2023-07-07 09:45:46,006 INFO o.a.j.g.u.JMeterMenuBar: setRunning(true, *local*)
2023-07-07 09:45:46,038 INFO o.a.j.e.StandardJMeterEngine: Starting ThreadGroup: 1 : Thread Group
2023-07-07 09:45:46,038 INFO o.a.j.e.StandardJMeterEngine: Starting 1 threads for group Thread Group.
2023-07-07 09:45:46,038 INFO o.a.j.e.StandardJMeterEngine: Thread will continue on error
2023-07-07 09:45:46,038 INFO o.a.j.t.ThreadGroup: Starting thread group... number=1 threads=1 ramp-up=1 delayedStart=false
2023-07-07 09:45:46,039 INFO o.a.j.t.ThreadGroup: Started thread group number 1
2023-07-07 09:45:46,039 INFO o.a.j.e.StandardJMeterEngine: All thread groups have been started
2023-07-07 09:45:46,039 INFO o.a.j.t.JMeterThread: Thread started: Thread Group 1-1
2023-07-07 09:45:46,359 INFO o.a.j.t.JMeterThread: Thread is done: Thread Group 1-1
2023-07-07 09:45:46,359 INFO o.a.j.t.JMeterThread: Thread finished: Thread Group 1-1
2023-07-07 09:45:46,360 INFO o.a.j.e.StandardJMeterEngine: Notifying test listeners of end of test
2023-07-07 09:45:46,360 INFO o.a.j.g.u.JMeterMenuBar: setRunning(false, *local*)
2023-07-07 09:55:31,098 INFO o.a.j.e.StandardJMeterEngine: Running the test!
2023-07-07 09:55:31,099 INFO o.a.j.s.SampleEvent: List of sample_variables: []
2023-07-07 09:55:31,100 INFO o.a.j.g.u.JMeterMenuBar: setRunning(true, *local*)
2023-07-07 09:55:31,138 INFO o.a.j.e.StandardJMeterEngine: Starting ThreadGroup: 1 : Thread Group
2023-07-07 09:55:31,139 INFO o.a.j.e.StandardJMeterEngine: Starting 1 threads for group Thread Group.
2023-07-07 09:55:31,139 INFO o.a.j.e.StandardJMeterEngine: Thread will continue on error
2023-07-07 09:55:31,139 INFO o.a.j.t.ThreadGroup: Starting thread group... number=1 threads=1 ramp-up=1 delayedStart=false
2023-07-07 09:55:31,139 INFO o.a.j.t.ThreadGroup: Started thread group number 1
2023-07-07 09:55:31,139 INFO o.a.j.e.StandardJMeterEngine: All thread groups have been started
2023-07-07 09:55:31,140 INFO o.a.j.t.JMeterThread: Thread started: Thread Group 1-1
2023-07-07 09:55:31,191 INFO o.a.j.t.JMeterThread: Thread is done: Thread Group 1-1
2023-07-07 09:55:31,191 INFO o.a.j.t.JMeterThread: Thread finished: Thread Group 1-1
2023-07-07 09:55:31,191 INFO o.a.j.e.StandardJMeterEngine: Notifying test listeners of end of test
2023-07-07 09:55:31,191 INFO o.a.j.g.u.JMeterMenuBar: setRunning(false, *local*)
2023-07-07 09:55:46,721 INFO o.a.j.e.StandardJMeterEngine: Running the test!
2023-07-07 09:55:46,722 INFO o.a.j.s.SampleEvent: List of sample_variables: []
2023-07-07 09:55:46,723 INFO o.a.j.g.u.JMeterMenuBar: setRunning(true, *local*)
2023-07-07 09:55:46,769 INFO o.a.j.e.StandardJMeterEngine: Starting ThreadGroup: 1 : Thread Group
2023-07-07 09:55:46,769 INFO o.a.j.e.StandardJMeterEngine: Starting 1 threads for group Thread Group.
2023-07-07 09:55:46,770 INFO o.a.j.e.StandardJMeterEngine: Thread will continue on error
2023-07-07 09:55:46,770 INFO o.a.j.t.ThreadGroup: Starting thread group... number=1 threads=1 ramp-up=1 delayedStart=false
2023-07-07 09:55:46,770 INFO o.a.j.t.ThreadGroup: Started thread group number 1
2023-07-07 09:55:46,770 INFO o.a.j.e.StandardJMeterEngine: All thread groups have been started
2023-07-07 09:55:46,770 INFO o.a.j.t.JMeterThread: Thread started: Thread Group 1-1
2023-07-07 09:55:46,794 INFO o.a.j.t.JMeterThread: Thread is done: Thread Group 1-1
2023-07-07 09:55:46,794 INFO o.a.j.t.JMeterThread: Thread finished: Thread Group 1-1
2023-07-07 09:55:46,794 INFO o.a.j.e.StandardJMeterEngine: Notifying test listeners of end of test
2023-07-07 09:55:46,794 INFO o.a.j.g.u.JMeterMenuBar: setRunning(false, *local*)
2023-07-07 09:57:33,628 INFO o.a.j.e.StandardJMeterEngine: Running the test!
2023-07-07 09:57:33,629 INFO o.a.j.s.SampleEvent: List of sample_variables: []
2023-07-07 09:57:33,630 INFO o.a.j.g.u.JMeterMenuBar: setRunning(true, *local*)
2023-07-07 09:57:33,669 INFO o.a.j.e.StandardJMeterEngine: Starting ThreadGroup: 1 : Thread Group
2023-07-07 09:57:33,669 INFO o.a.j.e.StandardJMeterEngine: Starting 1 threads for group Thread Group.
2023-07-07 09:57:33,669 INFO o.a.j.e.StandardJMeterEngine: Thread will continue on error
2023-07-07 09:57:33,669 INFO o.a.j.t.ThreadGroup: Starting thread group... number=1 threads=1 ramp-up=1 delayedStart=false
2023-07-07 09:57:33,670 INFO o.a.j.t.ThreadGroup: Started thread group number 1
2023-07-07 09:57:33,670 INFO o.a.j.e.StandardJMeterEngine: All thread groups have been started
2023-07-07 09:57:33,671 INFO o.a.j.t.JMeterThread: Thread started: Thread Group 1-1
2023-07-07 09:57:33,707 INFO o.a.j.t.JMeterThread: Thread is done: Thread Group 1-1
2023-07-07 09:57:33,707 INFO o.a.j.t.JMeterThread: Thread finished: Thread Group 1-1
2023-07-07 09:57:33,707 INFO o.a.j.e.StandardJMeterEngine: Notifying test listeners of end of test
2023-07-07 09:57:33,707 INFO o.a.j.g.u.JMeterMenuBar: setRunning(false, *local*)
2023-07-07 10:02:15,150 INFO o.a.j.e.StandardJMeterEngine: Running the test!
2023-07-07 10:02:15,151 INFO o.a.j.s.SampleEvent: List of sample_variables: []
2023-07-07 10:02:15,152 INFO o.a.j.g.u.JMeterMenuBar: setRunning(true, *local*)
2023-07-07 10:02:15,201 INFO o.a.j.e.StandardJMeterEngine: Starting ThreadGroup: 1 : Thread Group
2023-07-07 10:02:15,201 INFO o.a.j.e.StandardJMeterEngine: Starting 1 threads for group Thread Group.
2023-07-07 10:02:15,201 INFO o.a.j.e.StandardJMeterEngine: Thread will continue on error
2023-07-07 10:02:15,202 INFO o.a.j.t.ThreadGroup: Starting thread group... number=1 threads=1 ramp-up=1 delayedStart=false
2023-07-07 10:02:15,202 INFO o.a.j.t.ThreadGroup: Started thread group number 1
2023-07-07 10:02:15,202 INFO o.a.j.e.StandardJMeterEngine: All thread groups have been started
2023-07-07 10:02:15,202 INFO o.a.j.t.JMeterThread: Thread started: Thread Group 1-1
2023-07-07 10:02:15,261 INFO o.a.j.t.JMeterThread: Thread is done: Thread Group 1-1
2023-07-07 10:02:15,261 INFO o.a.j.t.JMeterThread: Thread finished: Thread Group 1-1
2023-07-07 10:02:15,261 INFO o.a.j.e.StandardJMeterEngine: Notifying test listeners of end of test
2023-07-07 10:02:15,261 INFO o.a.j.g.u.JMeterMenuBar: setRunning(false, *local*)
2023-07-07 10:05:34,317 INFO o.a.j.e.StandardJMeterEngine: Running the test!
2023-07-07 10:05:34,318 INFO o.a.j.s.SampleEvent: List of sample_variables: []
2023-07-07 10:05:34,319 INFO o.a.j.g.u.JMeterMenuBar: setRunning(true, *local*)
2023-07-07 10:05:34,359 INFO o.a.j.e.StandardJMeterEngine: Starting ThreadGroup: 1 : Thread Group
2023-07-07 10:05:34,359 INFO o.a.j.e.StandardJMeterEngine: Starting 1 threads for group Thread Group.
2023-07-07 10:05:34,359 INFO o.a.j.e.StandardJMeterEngine: Thread will continue on error
2023-07-07 10:05:34,359 INFO o.a.j.t.ThreadGroup: Starting thread group... number=1 threads=1 ramp-up=1 delayedStart=false
2023-07-07 10:05:34,359 INFO o.a.j.t.ThreadGroup: Started thread group number 1
2023-07-07 10:05:34,359 INFO o.a.j.e.StandardJMeterEngine: All thread groups have been started
2023-07-07 10:05:34,359 INFO o.a.j.t.JMeterThread: Thread started: Thread Group 1-1
2023-07-07 10:05:34,434 INFO o.a.j.t.JMeterThread: Thread is done: Thread Group 1-1
2023-07-07 10:05:34,434 INFO o.a.j.t.JMeterThread: Thread finished: Thread Group 1-1
2023-07-07 10:05:34,434 INFO o.a.j.e.StandardJMeterEngine: Notifying test listeners of end of test
2023-07-07 10:05:34,434 INFO o.a.j.g.u.JMeterMenuBar: setRunning(false, *local*)
2023-07-07 10:06:01,495 INFO o.a.j.e.StandardJMeterEngine: Running the test!
2023-07-07 10:06:01,495 INFO o.a.j.s.SampleEvent: List of sample_variables: []
2023-07-07 10:06:01,496 INFO o.a.j.g.u.JMeterMenuBar: setRunning(true, *local*)
2023-07-07 10:06:01,541 INFO o.a.j.e.StandardJMeterEngine: Starting ThreadGroup: 1 : Thread Group
2023-07-07 10:06:01,541 INFO o.a.j.e.StandardJMeterEngine: Starting 1 threads for group Thread Group.
2023-07-07 10:06:01,541 INFO o.a.j.e.StandardJMeterEngine: Thread will continue on error
2023-07-07 10:06:01,541 INFO o.a.j.t.ThreadGroup: Starting thread group... number=1 threads=1 ramp-up=1 delayedStart=false
2023-07-07 10:06:01,542 INFO o.a.j.t.ThreadGroup: Started thread group number 1
2023-07-07 10:06:01,542 INFO o.a.j.e.StandardJMeterEngine: All thread groups have been started
2023-07-07 10:06:01,542 INFO o.a.j.t.JMeterThread: Thread started: Thread Group 1-1
2023-07-07 10:06:01,574 INFO o.a.j.t.JMeterThread: Thread is done: Thread Group 1-1
2023-07-07 10:06:01,574 INFO o.a.j.t.JMeterThread: Thread finished: Thread Group 1-1
2023-07-07 10:06:01,574 INFO o.a.j.e.StandardJMeterEngine: Notifying test listeners of end of test
2023-07-07 10:06:01,574 INFO o.a.j.g.u.JMeterMenuBar: setRunning(false, *local*)
2023-07-07 10:06:48,413 INFO o.a.j.e.StandardJMeterEngine: Running the test!
2023-07-07 10:06:48,413 INFO o.a.j.s.SampleEvent: List of sample_variables: []
2023-07-07 10:06:48,414 INFO o.a.j.g.u.JMeterMenuBar: setRunning(true, *local*)
2023-07-07 10:06:48,445 INFO o.a.j.e.StandardJMeterEngine: Starting ThreadGroup: 1 : Thread Group
2023-07-07 10:06:48,445 INFO o.a.j.e.StandardJMeterEngine: Starting 1 threads for group Thread Group.
2023-07-07 10:06:48,446 INFO o.a.j.e.StandardJMeterEngine: Thread will continue on error
2023-07-07 10:06:48,446 INFO o.a.j.t.ThreadGroup: Starting thread group... number=1 threads=1 ramp-up=1 delayedStart=false
2023-07-07 10:06:48,446 INFO o.a.j.t.ThreadGroup: Started thread group number 1
2023-07-07 10:06:48,446 INFO o.a.j.e.StandardJMeterEngine: All thread groups have been started
2023-07-07 10:06:48,446 INFO o.a.j.t.JMeterThread: Thread started: Thread Group 1-1
2023-07-07 10:06:48,483 INFO o.a.j.t.JMeterThread: Thread is done: Thread Group 1-1
2023-07-07 10:06:48,483 INFO o.a.j.t.JMeterThread: Thread finished: Thread Group 1-1
2023-07-07 10:06:48,484 INFO o.a.j.e.StandardJMeterEngine: Notifying test listeners of end of test
2023-07-07 10:06:48,484 INFO o.a.j.g.u.JMeterMenuBar: setRunning(false, *local*)
2023-07-07 10:07:23,856 INFO o.a.j.e.StandardJMeterEngine: Running the test!
2023-07-07 10:07:23,856 INFO o.a.j.s.SampleEvent: List of sample_variables: []
2023-07-07 10:07:23,857 INFO o.a.j.g.u.JMeterMenuBar: setRunning(true, *local*)
2023-07-07 10:07:23,890 INFO o.a.j.e.StandardJMeterEngine: Starting ThreadGroup: 1 : Thread Group
2023-07-07 10:07:23,890 INFO o.a.j.e.StandardJMeterEngine: Starting 1 threads for group Thread Group.
2023-07-07 10:07:23,890 INFO o.a.j.e.StandardJMeterEngine: Thread will continue on error
2023-07-07 10:07:23,890 INFO o.a.j.t.ThreadGroup: Starting thread group... number=1 threads=1 ramp-up=1 delayedStart=false
2023-07-07 10:07:23,890 INFO o.a.j.t.ThreadGroup: Started thread group number 1
2023-07-07 10:07:23,890 INFO o.a.j.e.StandardJMeterEngine: All thread groups have been started
2023-07-07 10:07:23,890 INFO o.a.j.t.JMeterThread: Thread started: Thread Group 1-1
2023-07-07 10:07:23,922 INFO o.a.j.t.JMeterThread: Thread is done: Thread Group 1-1
2023-07-07 10:07:23,922 INFO o.a.j.t.JMeterThread: Thread finished: Thread Group 1-1
2023-07-07 10:07:23,922 INFO o.a.j.e.StandardJMeterEngine: Notifying test listeners of end of test
2023-07-07 10:07:23,922 INFO o.a.j.g.u.JMeterMenuBar: setRunning(false, *local*)
2023-07-07 10:09:30,377 INFO o.a.j.e.StandardJMeterEngine: Running the test!
2023-07-07 10:09:30,378 INFO o.a.j.s.SampleEvent: List of sample_variables: []
2023-07-07 10:09:30,379 INFO o.a.j.g.u.JMeterMenuBar: setRunning(true, *local*)
2023-07-07 10:09:30,416 INFO o.a.j.e.StandardJMeterEngine: Starting ThreadGroup: 1 : Thread Group
2023-07-07 10:09:30,416 INFO o.a.j.e.StandardJMeterEngine: Starting 1 threads for group Thread Group.
2023-07-07 10:09:30,416 INFO o.a.j.e.StandardJMeterEngine: Thread will continue on error
2023-07-07 10:09:30,416 INFO o.a.j.t.ThreadGroup: Starting thread group... number=1 threads=1 ramp-up=1 delayedStart=false
2023-07-07 10:09:30,416 INFO o.a.j.t.ThreadGroup: Started thread group number 1
2023-07-07 10:09:30,416 INFO o.a.j.e.StandardJMeterEngine: All thread groups have been started
2023-07-07 10:09:30,416 INFO o.a.j.t.JMeterThread: Thread started: Thread Group 1-1
2023-07-07 10:09:30,449 INFO o.a.j.t.JMeterThread: Thread is done: Thread Group 1-1
2023-07-07 10:09:30,449 INFO o.a.j.t.JMeterThread: Thread finished: Thread Group 1-1
2023-07-07 10:09:30,449 INFO o.a.j.e.StandardJMeterEngine: Notifying test listeners of end of test
2023-07-07 10:09:30,449 INFO o.a.j.g.u.JMeterMenuBar: setRunning(false, *local*)
2023-07-07 10:19:48,222 INFO o.a.j.e.StandardJMeterEngine: Running the test!
2023-07-07 10:19:48,223 INFO o.a.j.s.SampleEvent: List of sample_variables: []
2023-07-07 10:19:48,223 INFO o.a.j.g.u.JMeterMenuBar: setRunning(true, *local*)
2023-07-07 10:19:48,265 INFO o.a.j.e.StandardJMeterEngine: Starting ThreadGroup: 1 : Thread Group
2023-07-07 10:19:48,266 INFO o.a.j.e.StandardJMeterEngine: Starting 1 threads for group Thread Group.
2023-07-07 10:19:48,266 INFO o.a.j.e.StandardJMeterEngine: Thread will continue on error
2023-07-07 10:19:48,266 INFO o.a.j.t.ThreadGroup: Starting thread group... number=1 threads=1 ramp-up=1 delayedStart=false
2023-07-07 10:19:48,266 INFO o.a.j.t.ThreadGroup: Started thread group number 1
2023-07-07 10:19:48,266 INFO o.a.j.e.StandardJMeterEngine: All thread groups have been started
2023-07-07 10:19:48,266 INFO o.a.j.t.JMeterThread: Thread started: Thread Group 1-1
2023-07-07 10:19:48,310 INFO o.a.j.t.JMeterThread: Thread is done: Thread Group 1-1
2023-07-07 10:19:48,310 INFO o.a.j.t.JMeterThread: Thread finished: Thread Group 1-1
2023-07-07 10:19:48,310 INFO o.a.j.e.StandardJMeterEngine: Notifying test listeners of end of test
2023-07-07 10:19:48,311 INFO o.a.j.g.u.JMeterMenuBar: setRunning(false, *local*)
2023-07-07 10:21:01,683 INFO o.a.j.e.StandardJMeterEngine: Running the test!
2023-07-07 10:21:01,684 INFO o.a.j.s.SampleEvent: List of sample_variables: []
2023-07-07 10:21:01,685 INFO o.a.j.g.u.JMeterMenuBar: setRunning(true, *local*)
2023-07-07 10:21:01,722 INFO o.a.j.e.StandardJMeterEngine: Starting ThreadGroup: 1 : Thread Group
2023-07-07 10:21:01,722 INFO o.a.j.e.StandardJMeterEngine: Starting 1 threads for group Thread Group.
2023-07-07 10:21:01,722 INFO o.a.j.e.StandardJMeterEngine: Thread will continue on error
2023-07-07 10:21:01,722 INFO o.a.j.t.ThreadGroup: Starting thread group... number=1 threads=1 ramp-up=1 delayedStart=false
2023-07-07 10:21:01,723 INFO o.a.j.t.ThreadGroup: Started thread group number 1
2023-07-07 10:21:01,723 INFO o.a.j.e.StandardJMeterEngine: All thread groups have been started
2023-07-07 10:21:01,723 INFO o.a.j.t.JMeterThread: Thread started: Thread Group 1-1
2023-07-07 10:21:01,764 INFO o.a.j.t.JMeterThread: Thread is done: Thread Group 1-1
2023-07-07 10:21:01,764 INFO o.a.j.t.JMeterThread: Thread finished: Thread Group 1-1
2023-07-07 10:21:01,764 INFO o.a.j.e.StandardJMeterEngine: Notifying test listeners of end of test
2023-07-07 10:21:01,764 INFO o.a.j.g.u.JMeterMenuBar: setRunning(false, *local*)
2023-07-07 10:22:11,501 INFO o.a.j.e.StandardJMeterEngine: Running the test!
2023-07-07 10:22:11,502 INFO o.a.j.s.SampleEvent: List of sample_variables: []
2023-07-07 10:22:11,502 INFO o.a.j.g.u.JMeterMenuBar: setRunning(true, *local*)
2023-07-07 10:22:11,535 INFO o.a.j.e.StandardJMeterEngine: Starting ThreadGroup: 1 : Thread Group
2023-07-07 10:22:11,535 INFO o.a.j.e.StandardJMeterEngine: Starting 1 threads for group Thread Group.
2023-07-07 10:22:11,535 INFO o.a.j.e.StandardJMeterEngine: Thread will continue on error
2023-07-07 10:22:11,535 INFO o.a.j.t.ThreadGroup: Starting thread group... number=1 threads=1 ramp-up=1 delayedStart=false
2023-07-07 10:22:11,536 INFO o.a.j.t.ThreadGroup: Started thread group number 1
2023-07-07 10:22:11,536 INFO o.a.j.e.StandardJMeterEngine: All thread groups have been started
2023-07-07 10:22:11,536 INFO o.a.j.t.JMeterThread: Thread started: Thread Group 1-1
2023-07-07 10:22:11,568 INFO o.a.j.t.JMeterThread: Thread is done: Thread Group 1-1
2023-07-07 10:22:11,568 INFO o.a.j.t.JMeterThread: Thread finished: Thread Group 1-1
2023-07-07 10:22:11,568 INFO o.a.j.e.StandardJMeterEngine: Notifying test listeners of end of test
2023-07-07 10:22:11,569 INFO o.a.j.g.u.JMeterMenuBar: setRunning(false, *local*)
2023-07-07 10:22:46,014 INFO o.a.j.e.StandardJMeterEngine: Running the test!
2023-07-07 10:22:46,014 INFO o.a.j.s.SampleEvent: List of sample_variables: []
2023-07-07 10:22:46,015 INFO o.a.j.g.u.JMeterMenuBar: setRunning(true, *local*)
2023-07-07 10:22:46,048 INFO o.a.j.e.StandardJMeterEngine: Starting ThreadGroup: 1 : Thread Group
2023-07-07 10:22:46,048 INFO o.a.j.e.StandardJMeterEngine: Starting 1 threads for group Thread Group.
2023-07-07 10:22:46,048 INFO o.a.j.e.StandardJMeterEngine: Thread will continue on error
2023-07-07 10:22:46,048 INFO o.a.j.t.ThreadGroup: Starting thread group... number=1 threads=1 ramp-up=1 delayedStart=false
2023-07-07 10:22:46,049 INFO o.a.j.t.ThreadGroup: Started thread group number 1
2023-07-07 10:22:46,049 INFO o.a.j.e.StandardJMeterEngine: All thread groups have been started
2023-07-07 10:22:46,049 INFO o.a.j.t.JMeterThread: Thread started: Thread Group 1-1
2023-07-07 10:22:46,077 INFO o.a.j.t.JMeterThread: Thread is done: Thread Group 1-1
2023-07-07 10:22:46,077 INFO o.a.j.t.JMeterThread: Thread finished: Thread Group 1-1
2023-07-07 10:22:46,077 INFO o.a.j.e.StandardJMeterEngine: Notifying test listeners of end of test
2023-07-07 10:22:46,077 INFO o.a.j.g.u.JMeterMenuBar: setRunning(false, *local*)
2023-07-07 10:23:01,463 INFO o.a.j.e.StandardJMeterEngine: Running the test!
2023-07-07 10:23:01,463 INFO o.a.j.s.SampleEvent: List of sample_variables: []
2023-07-07 10:23:01,464 INFO o.a.j.g.u.JMeterMenuBar: setRunning(true, *local*)
2023-07-07 10:23:01,497 INFO o.a.j.e.StandardJMeterEngine: Starting ThreadGroup: 1 : Thread Group
2023-07-07 10:23:01,497 INFO o.a.j.e.StandardJMeterEngine: Starting 1 threads for group Thread Group.
2023-07-07 10:23:01,497 INFO o.a.j.e.StandardJMeterEngine: Thread will continue on error
2023-07-07 10:23:01,497 INFO o.a.j.t.ThreadGroup: Starting thread group... number=1 threads=1 ramp-up=1 delayedStart=false
2023-07-07 10:23:01,498 INFO o.a.j.t.ThreadGroup: Started thread group number 1
2023-07-07 10:23:01,498 INFO o.a.j.e.StandardJMeterEngine: All thread groups have been started
2023-07-07 10:23:01,498 INFO o.a.j.t.JMeterThread: Thread started: Thread Group 1-1
2023-07-07 10:23:01,535 INFO o.a.j.t.JMeterThread: Thread is done: Thread Group 1-1
2023-07-07 10:23:01,536 INFO o.a.j.t.JMeterThread: Thread finished: Thread Group 1-1
2023-07-07 10:23:01,536 INFO o.a.j.e.StandardJMeterEngine: Notifying test listeners of end of test
2023-07-07 10:23:01,536 INFO o.a.j.g.u.JMeterMenuBar: setRunning(false, *local*)
2023-07-07 10:24:10,761 INFO o.a.j.e.StandardJMeterEngine: Running the test!
2023-07-07 10:24:10,762 INFO o.a.j.s.SampleEvent: List of sample_variables: []
2023-07-07 10:24:10,762 INFO o.a.j.g.u.JMeterMenuBar: setRunning(true, *local*)
2023-07-07 10:24:10,791 INFO o.a.j.e.StandardJMeterEngine: Starting ThreadGroup: 1 : Thread Group
2023-07-07 10:24:10,791 INFO o.a.j.e.StandardJMeterEngine: Starting 1 threads for group Thread Group.
2023-07-07 10:24:10,791 INFO o.a.j.e.StandardJMeterEngine: Thread will continue on error
2023-07-07 10:24:10,791 INFO o.a.j.t.ThreadGroup: Starting thread group... number=1 threads=1 ramp-up=1 delayedStart=false
2023-07-07 10:24:10,791 INFO o.a.j.t.ThreadGroup: Started thread group number 1
2023-07-07 10:24:10,791 INFO o.a.j.e.StandardJMeterEngine: All thread groups have been started
2023-07-07 10:24:10,791 INFO o.a.j.t.JMeterThread: Thread started: Thread Group 1-1
2023-07-07 10:24:10,826 INFO o.a.j.t.JMeterThread: Thread is done: Thread Group 1-1
2023-07-07 10:24:10,827 INFO o.a.j.t.JMeterThread: Thread finished: Thread Group 1-1
2023-07-07 10:24:10,827 INFO o.a.j.e.StandardJMeterEngine: Notifying test listeners of end of test
2023-07-07 10:24:10,827 INFO o.a.j.g.u.JMeterMenuBar: setRunning(false, *local*)
2023-07-07 10:25:49,567 INFO o.a.j.e.StandardJMeterEngine: Running the test!
2023-07-07 10:25:49,569 INFO o.a.j.s.SampleEvent: List of sample_variables: []
2023-07-07 10:25:49,571 INFO o.a.j.g.u.JMeterMenuBar: setRunning(true, *local*)
2023-07-07 10:25:49,613 INFO o.a.j.e.StandardJMeterEngine: Starting ThreadGroup: 1 : Thread Group
2023-07-07 10:25:49,613 INFO o.a.j.e.StandardJMeterEngine: Starting 1 threads for group Thread Group.
2023-07-07 10:25:49,613 INFO o.a.j.e.StandardJMeterEngine: Thread will continue on error
2023-07-07 10:25:49,613 INFO o.a.j.t.ThreadGroup: Starting thread group... number=1 threads=1 ramp-up=1 delayedStart=false
2023-07-07 10:25:49,613 INFO o.a.j.t.ThreadGroup: Started thread group number 1
2023-07-07 10:25:49,613 INFO o.a.j.e.StandardJMeterEngine: All thread groups have been started
2023-07-07 10:25:49,614 INFO o.a.j.t.JMeterThread: Thread started: Thread Group 1-1
2023-07-07 10:25:49,664 INFO o.a.j.t.JMeterThread: Thread is done: Thread Group 1-1
2023-07-07 10:25:49,664 INFO o.a.j.t.JMeterThread: Thread finished: Thread Group 1-1
2023-07-07 10:25:49,664 INFO o.a.j.e.StandardJMeterEngine: Notifying test listeners of end of test
2023-07-07 10:25:49,664 INFO o.a.j.g.u.JMeterMenuBar: setRunning(false, *local*)
2023-07-07 10:26:02,210 INFO o.a.j.e.StandardJMeterEngine: Running the test!
2023-07-07 10:26:02,210 INFO o.a.j.s.SampleEvent: List of sample_variables: []
2023-07-07 10:26:02,211 INFO o.a.j.g.u.JMeterMenuBar: setRunning(true, *local*)
2023-07-07 10:26:02,248 INFO o.a.j.e.StandardJMeterEngine: Starting ThreadGroup: 1 : Thread Group
2023-07-07 10:26:02,248 INFO o.a.j.e.StandardJMeterEngine: Starting 1 threads for group Thread Group.
2023-07-07 10:26:02,248 INFO o.a.j.e.StandardJMeterEngine: Thread will continue on error
2023-07-07 10:26:02,248 INFO o.a.j.t.ThreadGroup: Starting thread group... number=1 threads=1 ramp-up=1 delayedStart=false
2023-07-07 10:26:02,249 INFO o.a.j.t.ThreadGroup: Started thread group number 1
2023-07-07 10:26:02,249 INFO o.a.j.e.StandardJMeterEngine: All thread groups have been started
2023-07-07 10:26:02,249 INFO o.a.j.t.JMeterThread: Thread started: Thread Group 1-1
2023-07-07 10:26:02,279 INFO o.a.j.t.JMeterThread: Thread is done: Thread Group 1-1
2023-07-07 10:26:02,279 INFO o.a.j.t.JMeterThread: Thread finished: Thread Group 1-1
2023-07-07 10:26:02,279 INFO o.a.j.e.StandardJMeterEngine: Notifying test listeners of end of test
2023-07-07 10:26:02,279 INFO o.a.j.g.u.JMeterMenuBar: setRunning(false, *local*)
2023-07-07 10:26:15,809 INFO o.a.j.e.StandardJMeterEngine: Running the test!
2023-07-07 10:26:15,810 INFO o.a.j.s.SampleEvent: List of sample_variables: []
2023-07-07 10:26:15,810 INFO o.a.j.g.u.JMeterMenuBar: setRunning(true, *local*)
2023-07-07 10:26:15,848 INFO o.a.j.e.StandardJMeterEngine: Starting ThreadGroup: 1 : Thread Group
2023-07-07 10:26:15,848 INFO o.a.j.e.StandardJMeterEngine: Starting 1 threads for group Thread Group.
2023-07-07 10:26:15,848 INFO o.a.j.e.StandardJMeterEngine: Thread will continue on error
2023-07-07 10:26:15,848 INFO o.a.j.t.ThreadGroup: Starting thread group... number=1 threads=1 ramp-up=1 delayedStart=false
2023-07-07 10:26:15,849 INFO o.a.j.t.ThreadGroup: Started thread group number 1
2023-07-07 10:26:15,849 INFO o.a.j.e.StandardJMeterEngine: All thread groups have been started
2023-07-07 10:26:15,849 INFO o.a.j.t.JMeterThread: Thread started: Thread Group 1-1
2023-07-07 10:26:15,878 INFO o.a.j.t.JMeterThread: Thread is done: Thread Group 1-1
2023-07-07 10:26:15,878 INFO o.a.j.t.JMeterThread: Thread finished: Thread Group 1-1
2023-07-07 10:26:15,878 INFO o.a.j.e.StandardJMeterEngine: Notifying test listeners of end of test
2023-07-07 10:26:15,878 INFO o.a.j.g.u.JMeterMenuBar: setRunning(false, *local*)
2023-07-07 10:26:46,911 INFO o.a.j.e.StandardJMeterEngine: Running the test!
2023-07-07 10:26:46,912 INFO o.a.j.s.SampleEvent: List of sample_variables: []
2023-07-07 10:26:46,912 INFO o.a.j.g.u.JMeterMenuBar: setRunning(true, *local*)
2023-07-07 10:26:46,955 INFO o.a.j.e.StandardJMeterEngine: Starting ThreadGroup: 1 : Thread Group
2023-07-07 10:26:46,955 INFO o.a.j.e.StandardJMeterEngine: Starting 1 threads for group Thread Group.
2023-07-07 10:26:46,955 INFO o.a.j.e.StandardJMeterEngine: Thread will continue on error
2023-07-07 10:26:46,955 INFO o.a.j.t.ThreadGroup: Starting thread group... number=1 threads=1 ramp-up=1 delayedStart=false
2023-07-07 10:26:46,955 INFO o.a.j.t.ThreadGroup: Started thread group number 1
2023-07-07 10:26:46,955 INFO o.a.j.e.StandardJMeterEngine: All thread groups have been started
2023-07-07 10:26:46,955 INFO o.a.j.t.JMeterThread: Thread started: Thread Group 1-1
2023-07-07 10:26:46,984 INFO o.a.j.t.JMeterThread: Thread is done: Thread Group 1-1
2023-07-07 10:26:46,984 INFO o.a.j.t.JMeterThread: Thread finished: Thread Group 1-1
2023-07-07 10:26:46,984 INFO o.a.j.e.StandardJMeterEngine: Notifying test listeners of end of test
2023-07-07 10:26:46,984 INFO o.a.j.g.u.JMeterMenuBar: setRunning(false, *local*)
2023-07-07 10:26:58,374 INFO o.a.j.e.StandardJMeterEngine: Running the test!
2023-07-07 10:26:58,374 INFO o.a.j.s.SampleEvent: List of sample_variables: []
2023-07-07 10:26:58,374 INFO o.a.j.g.u.JMeterMenuBar: setRunning(true, *local*)
2023-07-07 10:26:58,409 INFO o.a.j.e.StandardJMeterEngine: Starting ThreadGroup: 1 : Thread Group
2023-07-07 10:26:58,409 INFO o.a.j.e.StandardJMeterEngine: Starting 1 threads for group Thread Group.
2023-07-07 10:26:58,409 INFO o.a.j.e.StandardJMeterEngine: Thread will continue on error
2023-07-07 10:26:58,409 INFO o.a.j.t.ThreadGroup: Starting thread group... number=1 threads=1 ramp-up=1 delayedStart=false
2023-07-07 10:26:58,409 INFO o.a.j.t.ThreadGroup: Started thread group number 1
2023-07-07 10:26:58,409 INFO o.a.j.e.StandardJMeterEngine: All thread groups have been started
2023-07-07 10:26:58,409 INFO o.a.j.t.JMeterThread: Thread started: Thread Group 1-1
2023-07-07 10:26:58,434 INFO o.a.j.t.JMeterThread: Thread is done: Thread Group 1-1
2023-07-07 10:26:58,435 INFO o.a.j.t.JMeterThread: Thread finished: Thread Group 1-1
2023-07-07 10:26:58,435 INFO o.a.j.e.StandardJMeterEngine: Notifying test listeners of end of test
2023-07-07 10:26:58,435 INFO o.a.j.g.u.JMeterMenuBar: setRunning(false, *local*)
2023-07-07 10:27:28,938 INFO o.a.j.e.StandardJMeterEngine: Running the test!
2023-07-07 10:27:28,938 INFO o.a.j.s.SampleEvent: List of sample_variables: []
2023-07-07 10:27:28,939 INFO o.a.j.g.u.JMeterMenuBar: setRunning(true, *local*)
2023-07-07 10:27:28,975 INFO o.a.j.e.StandardJMeterEngine: Starting ThreadGroup: 1 : Thread Group
2023-07-07 10:27:28,975 INFO o.a.j.e.StandardJMeterEngine: Starting 1 threads for group Thread Group.
2023-07-07 10:27:28,975 INFO o.a.j.e.StandardJMeterEngine: Thread will continue on error
2023-07-07 10:27:28,976 INFO o.a.j.t.ThreadGroup: Starting thread group... number=1 threads=1 ramp-up=1 delayedStart=false
2023-07-07 10:27:28,976 INFO o.a.j.t.ThreadGroup: Started thread group number 1
2023-07-07 10:27:28,976 INFO o.a.j.e.StandardJMeterEngine: All thread groups have been started
2023-07-07 10:27:28,976 INFO o.a.j.t.JMeterThread: Thread started: Thread Group 1-1
2023-07-07 10:27:29,004 INFO o.a.j.t.JMeterThread: Thread is done: Thread Group 1-1
2023-07-07 10:27:29,004 INFO o.a.j.t.JMeterThread: Thread finished: Thread Group 1-1
2023-07-07 10:27:29,005 INFO o.a.j.e.StandardJMeterEngine: Notifying test listeners of end of test
2023-07-07 10:27:29,005 INFO o.a.j.g.u.JMeterMenuBar: setRunning(false, *local*)
2023-07-07 10:27:34,925 INFO o.a.j.e.StandardJMeterEngine: Running the test!
2023-07-07 10:27:34,925 INFO o.a.j.s.SampleEvent: List of sample_variables: []
2023-07-07 10:27:34,926 INFO o.a.j.g.u.JMeterMenuBar: setRunning(true, *local*)
2023-07-07 10:27:34,960 INFO o.a.j.e.StandardJMeterEngine: Starting ThreadGroup: 1 : Thread Group
2023-07-07 10:27:34,960 INFO o.a.j.e.StandardJMeterEngine: Starting 1 threads for group Thread Group.
2023-07-07 10:27:34,960 INFO o.a.j.e.StandardJMeterEngine: Thread will continue on error
2023-07-07 10:27:34,961 INFO o.a.j.t.ThreadGroup: Starting thread group... number=1 threads=1 ramp-up=1 delayedStart=false
2023-07-07 10:27:34,961 INFO o.a.j.t.ThreadGroup: Started thread group number 1
2023-07-07 10:27:34,961 INFO o.a.j.e.StandardJMeterEngine: All thread groups have been started
2023-07-07 10:27:34,961 INFO o.a.j.t.JMeterThread: Thread started: Thread Group 1-1
2023-07-07 10:27:34,988 INFO o.a.j.t.JMeterThread: Thread is done: Thread Group 1-1
2023-07-07 10:27:34,988 INFO o.a.j.t.JMeterThread: Thread finished: Thread Group 1-1
2023-07-07 10:27:34,988 INFO o.a.j.e.StandardJMeterEngine: Notifying test listeners of end of test
2023-07-07 10:27:34,988 INFO o.a.j.g.u.JMeterMenuBar: setRunning(false, *local*)
2023-07-07 10:27:44,922 INFO o.a.j.e.StandardJMeterEngine: Running the test!
2023-07-07 10:27:44,922 INFO o.a.j.s.SampleEvent: List of sample_variables: []
2023-07-07 10:27:44,923 INFO o.a.j.g.u.JMeterMenuBar: setRunning(true, *local*)
2023-07-07 10:27:44,957 INFO o.a.j.e.StandardJMeterEngine: Starting ThreadGroup: 1 : Thread Group
2023-07-07 10:27:44,958 INFO o.a.j.e.StandardJMeterEngine: Starting 1 threads for group Thread Group.
2023-07-07 10:27:44,958 INFO o.a.j.e.StandardJMeterEngine: Thread will continue on error
2023-07-07 10:27:44,958 INFO o.a.j.t.ThreadGroup: Starting thread group... number=1 threads=1 ramp-up=1 delayedStart=false
2023-07-07 10:27:44,958 INFO o.a.j.t.ThreadGroup: Started thread group number 1
2023-07-07 10:27:44,958 INFO o.a.j.e.StandardJMeterEngine: All thread groups have been started
2023-07-07 10:27:44,958 INFO o.a.j.t.JMeterThread: Thread started: Thread Group 1-1
2023-07-07 10:27:44,985 INFO o.a.j.t.JMeterThread: Thread is done: Thread Group 1-1
2023-07-07 10:27:44,986 INFO o.a.j.t.JMeterThread: Thread finished: Thread Group 1-1
2023-07-07 10:27:44,986 INFO o.a.j.e.StandardJMeterEngine: Notifying test listeners of end of test
2023-07-07 10:27:44,986 INFO o.a.j.g.u.JMeterMenuBar: setRunning(false, *local*)
2023-07-07 10:28:10,354 INFO o.a.j.e.StandardJMeterEngine: Running the test!
2023-07-07 10:28:10,354 INFO o.a.j.s.SampleEvent: List of sample_variables: []
2023-07-07 10:28:10,354 INFO o.a.j.g.u.JMeterMenuBar: setRunning(true, *local*)
2023-07-07 10:28:10,390 INFO o.a.j.e.StandardJMeterEngine: Starting ThreadGroup: 1 : Thread Group
2023-07-07 10:28:10,390 INFO o.a.j.e.StandardJMeterEngine: Starting 1 threads for group Thread Group.
2023-07-07 10:28:10,390 INFO o.a.j.e.StandardJMeterEngine: Thread will continue on error
2023-07-07 10:28:10,390 INFO o.a.j.t.ThreadGroup: Starting thread group... number=1 threads=1 ramp-up=1 delayedStart=false
2023-07-07 10:28:10,390 INFO o.a.j.t.ThreadGroup: Started thread group number 1
2023-07-07 10:28:10,390 INFO o.a.j.e.StandardJMeterEngine: All thread groups have been started
2023-07-07 10:28:10,390 INFO o.a.j.t.JMeterThread: Thread started: Thread Group 1-1
2023-07-07 10:28:10,417 INFO o.a.j.t.JMeterThread: Thread is done: Thread Group 1-1
2023-07-07 10:28:10,417 INFO o.a.j.t.JMeterThread: Thread finished: Thread Group 1-1
2023-07-07 10:28:10,418 INFO o.a.j.e.StandardJMeterEngine: Notifying test listeners of end of test
2023-07-07 10:28:10,418 INFO o.a.j.g.u.JMeterMenuBar: setRunning(false, *local*)
2023-07-07 10:28:17,472 INFO o.a.j.e.StandardJMeterEngine: Running the test!
2023-07-07 10:28:17,473 INFO o.a.j.s.SampleEvent: List of sample_variables: []
2023-07-07 10:28:17,473 INFO o.a.j.g.u.JMeterMenuBar: setRunning(true, *local*)
2023-07-07 10:28:17,508 INFO o.a.j.e.StandardJMeterEngine: Starting ThreadGroup: 1 : Thread Group
2023-07-07 10:28:17,508 INFO o.a.j.e.StandardJMeterEngine: Starting 1 threads for group Thread Group.
2023-07-07 10:28:17,508 INFO o.a.j.e.StandardJMeterEngine: Thread will continue on error
2023-07-07 10:28:17,508 INFO o.a.j.t.ThreadGroup: Starting thread group... number=1 threads=1 ramp-up=1 delayedStart=false
2023-07-07 10:28:17,508 INFO o.a.j.t.ThreadGroup: Started thread group number 1
2023-07-07 10:28:17,508 INFO o.a.j.e.StandardJMeterEngine: All thread groups have been started
2023-07-07 10:28:17,508 INFO o.a.j.t.JMeterThread: Thread started: Thread Group 1-1
2023-07-07 10:28:17,535 INFO o.a.j.t.JMeterThread: Thread is done: Thread Group 1-1
2023-07-07 10:28:17,535 INFO o.a.j.t.JMeterThread: Thread finished: Thread Group 1-1
2023-07-07 10:28:17,535 INFO o.a.j.e.StandardJMeterEngine: Notifying test listeners of end of test
2023-07-07 10:28:17,535 INFO o.a.j.g.u.JMeterMenuBar: setRunning(false, *local*)
2023-07-07 10:28:42,536 INFO o.a.j.e.StandardJMeterEngine: Running the test!
2023-07-07 10:28:42,536 INFO o.a.j.s.SampleEvent: List of sample_variables: []
2023-07-07 10:28:42,536 INFO o.a.j.g.u.JMeterMenuBar: setRunning(true, *local*)
2023-07-07 10:28:42,574 INFO o.a.j.e.StandardJMeterEngine: Starting ThreadGroup: 1 : Thread Group
2023-07-07 10:28:42,574 INFO o.a.j.e.StandardJMeterEngine: Starting 1 threads for group Thread Group.
2023-07-07 10:28:42,574 INFO o.a.j.e.StandardJMeterEngine: Thread will continue on error
2023-07-07 10:28:42,574 INFO o.a.j.t.ThreadGroup: Starting thread group... number=1 threads=1 ramp-up=1 delayedStart=false
2023-07-07 10:28:42,574 INFO o.a.j.t.ThreadGroup: Started thread group number 1
2023-07-07 10:28:42,574 INFO o.a.j.e.StandardJMeterEngine: All thread groups have been started
2023-07-07 10:28:42,574 INFO o.a.j.t.JMeterThread: Thread started: Thread Group 1-1
2023-07-07 10:28:42,601 INFO o.a.j.t.JMeterThread: Thread is done: Thread Group 1-1
2023-07-07 10:28:42,602 INFO o.a.j.t.JMeterThread: Thread finished: Thread Group 1-1
2023-07-07 10:28:42,602 INFO o.a.j.e.StandardJMeterEngine: Notifying test listeners of end of test
2023-07-07 10:28:42,602 INFO o.a.j.g.u.JMeterMenuBar: setRunning(false, *local*)
2023-07-07 10:33:35,768 INFO o.a.j.v.ViewResultsFullVisualizer: Add JavaFX to your Java installation if you want to use renderer: org.apache.jmeter.visualizers.RenderInBrowser
2023-07-07 10:33:37,604 INFO o.a.j.e.StandardJMeterEngine: Running the test!
2023-07-07 10:33:37,605 INFO o.a.j.s.SampleEvent: List of sample_variables: []
2023-07-07 10:33:37,605 INFO o.a.j.g.u.JMeterMenuBar: setRunning(true, *local*)
2023-07-07 10:33:37,649 INFO o.a.j.e.StandardJMeterEngine: Starting ThreadGroup: 1 : Thread Group
2023-07-07 10:33:37,649 INFO o.a.j.e.StandardJMeterEngine: Starting 1 threads for group Thread Group.
2023-07-07 10:33:37,649 INFO o.a.j.e.StandardJMeterEngine: Thread will continue on error
2023-07-07 10:33:37,649 INFO o.a.j.t.ThreadGroup: Starting thread group... number=1 threads=1 ramp-up=1 delayedStart=false
2023-07-07 10:33:37,649 INFO o.a.j.t.ThreadGroup: Started thread group number 1
2023-07-07 10:33:37,649 INFO o.a.j.e.StandardJMeterEngine: All thread groups have been started
2023-07-07 10:33:37,649 INFO o.a.j.t.JMeterThread: Thread started: Thread Group 1-1
2023-07-07 10:33:37,696 INFO o.a.j.t.JMeterThread: Thread is done: Thread Group 1-1
2023-07-07 10:33:37,696 INFO o.a.j.t.JMeterThread: Thread finished: Thread Group 1-1
2023-07-07 10:33:37,696 INFO o.a.j.e.StandardJMeterEngine: Notifying test listeners of end of test
2023-07-07 10:33:37,696 INFO o.a.j.g.u.JMeterMenuBar: setRunning(false, *local*)
2023-07-07 10:33:47,506 INFO o.a.j.v.ViewResultsFullVisualizer: Add JavaFX to your Java installation if you want to use renderer: org.apache.jmeter.visualizers.RenderInBrowser
2023-07-07 10:34:25,331 INFO o.a.j.e.StandardJMeterEngine: Running the test!
2023-07-07 10:34:25,332 INFO o.a.j.s.SampleEvent: List of sample_variables: []
2023-07-07 10:34:25,332 INFO o.a.j.g.u.JMeterMenuBar: setRunning(true, *local*)
2023-07-07 10:34:25,372 INFO o.a.j.e.StandardJMeterEngine: Starting ThreadGroup: 1 : Thread Group
2023-07-07 10:34:25,373 INFO o.a.j.e.StandardJMeterEngine: Starting 1 threads for group Thread Group.
2023-07-07 10:34:25,373 INFO o.a.j.e.StandardJMeterEngine: Thread will continue on error
2023-07-07 10:34:25,373 INFO o.a.j.t.ThreadGroup: Starting thread group... number=1 threads=1 ramp-up=1 delayedStart=false
2023-07-07 10:34:25,373 INFO o.a.j.t.ThreadGroup: Started thread group number 1
2023-07-07 10:34:25,373 INFO o.a.j.e.StandardJMeterEngine: All thread groups have been started
2023-07-07 10:34:25,373 INFO o.a.j.t.JMeterThread: Thread started: Thread Group 1-1
2023-07-07 10:34:25,398 INFO o.a.j.t.JMeterThread: Thread is done: Thread Group 1-1
2023-07-07 10:34:25,398 INFO o.a.j.t.JMeterThread: Thread finished: Thread Group 1-1
2023-07-07 10:34:25,398 INFO o.a.j.e.StandardJMeterEngine: Notifying test listeners of end of test
2023-07-07 10:34:25,398 INFO o.a.j.g.u.JMeterMenuBar: setRunning(false, *local*)
2023-07-07 10:34:34,434 INFO o.a.j.e.StandardJMeterEngine: Running the test!
2023-07-07 10:34:34,434 INFO o.a.j.s.SampleEvent: List of sample_variables: []
2023-07-07 10:34:34,434 INFO o.a.j.g.u.JMeterMenuBar: setRunning(true, *local*)
2023-07-07 10:34:34,471 INFO o.a.j.e.StandardJMeterEngine: Starting ThreadGroup: 1 : Thread Group
2023-07-07 10:34:34,471 INFO o.a.j.e.StandardJMeterEngine: Starting 1 threads for group Thread Group.
2023-07-07 10:34:34,471 INFO o.a.j.e.StandardJMeterEngine: Thread will continue on error
2023-07-07 10:34:34,471 INFO o.a.j.t.ThreadGroup: Starting thread group... number=1 threads=1 ramp-up=1 delayedStart=false
2023-07-07 10:34:34,471 INFO o.a.j.t.ThreadGroup: Started thread group number 1
2023-07-07 10:34:34,471 INFO o.a.j.e.StandardJMeterEngine: All thread groups have been started
2023-07-07 10:34:34,472 INFO o.a.j.t.JMeterThread: Thread started: Thread Group 1-1
2023-07-07 10:34:34,497 INFO o.a.j.t.JMeterThread: Thread is done: Thread Group 1-1
2023-07-07 10:34:34,497 INFO o.a.j.t.JMeterThread: Thread finished: Thread Group 1-1
2023-07-07 10:34:34,498 INFO o.a.j.e.StandardJMeterEngine: Notifying test listeners of end of test
2023-07-07 10:34:34,498 INFO o.a.j.g.u.JMeterMenuBar: setRunning(false, *local*)
2023-07-07 10:34:57,713 INFO o.a.j.e.StandardJMeterEngine: Running the test!
2023-07-07 10:34:57,714 INFO o.a.j.s.SampleEvent: List of sample_variables: []
2023-07-07 10:34:57,714 INFO o.a.j.g.u.JMeterMenuBar: setRunning(true, *local*)
2023-07-07 10:34:57,753 INFO o.a.j.e.StandardJMeterEngine: Starting ThreadGroup: 1 : Thread Group
2023-07-07 10:34:57,753 INFO o.a.j.e.StandardJMeterEngine: Starting 1 threads for group Thread Group.
2023-07-07 10:34:57,753 INFO o.a.j.e.StandardJMeterEngine: Thread will continue on error
2023-07-07 10:34:57,753 INFO o.a.j.t.ThreadGroup: Starting thread group... number=1 threads=1 ramp-up=1 delayedStart=false
2023-07-07 10:34:57,753 INFO o.a.j.t.ThreadGroup: Started thread group number 1
2023-07-07 10:34:57,753 INFO o.a.j.e.StandardJMeterEngine: All thread groups have been started
2023-07-07 10:34:57,753 INFO o.a.j.t.JMeterThread: Thread started: Thread Group 1-1
2023-07-07 10:34:57,781 INFO o.a.j.t.JMeterThread: Thread is done: Thread Group 1-1
2023-07-07 10:34:57,781 INFO o.a.j.t.JMeterThread: Thread finished: Thread Group 1-1
2023-07-07 10:34:57,781 INFO o.a.j.e.StandardJMeterEngine: Notifying test listeners of end of test
2023-07-07 10:34:57,781 INFO o.a.j.g.u.JMeterMenuBar: setRunning(false, *local*)
2023-07-07 10:37:17,584 INFO o.a.j.e.StandardJMeterEngine: Running the test!
2023-07-07 10:37:17,585 INFO o.a.j.s.SampleEvent: List of sample_variables: []
2023-07-07 10:37:17,586 INFO o.a.j.g.u.JMeterMenuBar: setRunning(true, *local*)
2023-07-07 10:37:17,629 INFO o.a.j.e.StandardJMeterEngine: Starting ThreadGroup: 1 : Thread Group
2023-07-07 10:37:17,629 INFO o.a.j.e.StandardJMeterEngine: Starting 1 threads for group Thread Group.
2023-07-07 10:37:17,629 INFO o.a.j.e.StandardJMeterEngine: Thread will continue on error
2023-07-07 10:37:17,629 INFO o.a.j.t.ThreadGroup: Starting thread group... number=1 threads=1 ramp-up=1 delayedStart=false
2023-07-07 10:37:17,629 INFO o.a.j.t.ThreadGroup: Started thread group number 1
2023-07-07 10:37:17,629 INFO o.a.j.e.StandardJMeterEngine: All thread groups have been started
2023-07-07 10:37:17,629 INFO o.a.j.t.JMeterThread: Thread started: Thread Group 1-1
2023-07-07 10:37:17,677 INFO o.a.j.t.JMeterThread: Thread is done: Thread Group 1-1
2023-07-07 10:37:17,677 INFO o.a.j.t.JMeterThread: Thread finished: Thread Group 1-1
2023-07-07 10:37:17,677 INFO o.a.j.e.StandardJMeterEngine: Notifying test listeners of end of test
2023-07-07 10:37:17,677 INFO o.a.j.g.u.JMeterMenuBar: setRunning(false, *local*)
2023-07-07 10:38:18,312 INFO o.a.j.e.StandardJMeterEngine: Running the test!
2023-07-07 10:38:18,313 INFO o.a.j.s.SampleEvent: List of sample_variables: []
2023-07-07 10:38:18,313 INFO o.a.j.g.u.JMeterMenuBar: setRunning(true, *local*)
2023-07-07 10:38:18,350 INFO o.a.j.e.StandardJMeterEngine: Starting ThreadGroup: 1 : Thread Group
2023-07-07 10:38:18,351 INFO o.a.j.e.StandardJMeterEngine: Starting 1 threads for group Thread Group.
2023-07-07 10:38:18,351 INFO o.a.j.e.StandardJMeterEngine: Thread will continue on error
2023-07-07 10:38:18,351 INFO o.a.j.t.ThreadGroup: Starting thread group... number=1 threads=1 ramp-up=1 delayedStart=false
2023-07-07 10:38:18,351 INFO o.a.j.t.ThreadGroup: Started thread group number 1
2023-07-07 10:38:18,351 INFO o.a.j.e.StandardJMeterEngine: All thread groups have been started
2023-07-07 10:38:18,351 INFO o.a.j.t.JMeterThread: Thread started: Thread Group 1-1
2023-07-07 10:38:18,406 INFO o.a.j.t.JMeterThread: Thread is done: Thread Group 1-1
2023-07-07 10:38:18,407 INFO o.a.j.t.JMeterThread: Thread finished: Thread Group 1-1
2023-07-07 10:38:18,407 INFO o.a.j.e.StandardJMeterEngine: Notifying test listeners of end of test
2023-07-07 10:38:18,407 INFO o.a.j.g.u.JMeterMenuBar: setRunning(false, *local*)
